<?xml version="1.0" encoding="UTF-8"?>
<testsuite xmlns:xsi="http://www.w3.org/2001/XMLSchema-instance" xsi:noNamespaceSchemaLocation="https://maven.apache.org/surefire/maven-surefire-plugin/xsd/surefire-test-report.xsd" name="runner.TestRunner" time="142.938" tests="14" errors="0" skipped="0" failures="1">
  <properties>
    <property name="java.specification.version" value="17"/>
    <property name="sun.cpu.isalist" value="amd64"/>
    <property name="sun.jnu.encoding" value="Cp1252"/>
    <property name="java.class.path" value="C:\Users\bhara\OneDrive\Desktop\eclipse\CucumberrFramework\target\test-classes;C:\Users\bhara\OneDrive\Desktop\eclipse\CucumberrFramework\target\classes;C:\Users\bhara\.m2\repository\junit\junit\4.11\junit-4.11.jar;C:\Users\bhara\.m2\repository\org\hamcrest\hamcrest-core\1.3\hamcrest-core-1.3.jar;C:\Users\bhara\.m2\repository\io\github\bonigarcia\webdrivermanager\5.3.2\webdrivermanager-5.3.2.jar;C:\Users\bhara\.m2\repository\org\slf4j\slf4j-api\2.0.6\slf4j-api-2.0.6.jar;C:\Users\bhara\.m2\repository\com\google\code\gson\gson\2.10.1\gson-2.10.1.jar;C:\Users\bhara\.m2\repository\com\github\docker-java\docker-java\3.2.14\docker-java-3.2.14.jar;C:\Users\bhara\.m2\repository\com\github\docker-java\docker-java-core\3.2.14\docker-java-core-3.2.14.jar;C:\Users\bhara\.m2\repository\com\github\docker-java\docker-java-api\3.2.14\docker-java-api-3.2.14.jar;C:\Users\bhara\.m2\repository\com\fasterxml\jackson\core\jackson-annotations\2.10.3\jackson-annotations-2.10.3.jar;C:\Users\bhara\.m2\repository\commons-io\commons-io\2.6\commons-io-2.6.jar;C:\Users\bhara\.m2\repository\org\apache\commons\commons-compress\1.21\commons-compress-1.21.jar;C:\Users\bhara\.m2\repository\com\fasterxml\jackson\core\jackson-databind\2.10.3\jackson-databind-2.10.3.jar;C:\Users\bhara\.m2\repository\com\fasterxml\jackson\core\jackson-core\2.10.3\jackson-core-2.10.3.jar;C:\Users\bhara\.m2\repository\org\bouncycastle\bcpkix-jdk15on\1.64\bcpkix-jdk15on-1.64.jar;C:\Users\bhara\.m2\repository\org\bouncycastle\bcprov-jdk15on\1.64\bcprov-jdk15on-1.64.jar;C:\Users\bhara\.m2\repository\org\slf4j\jcl-over-slf4j\1.7.30\jcl-over-slf4j-1.7.30.jar;C:\Users\bhara\.m2\repository\com\github\docker-java\docker-java-transport-httpclient5\3.2.14\docker-java-transport-httpclient5-3.2.14.jar;C:\Users\bhara\.m2\repository\com\github\docker-java\docker-java-transport\3.2.14\docker-java-transport-3.2.14.jar;C:\Users\bhara\.m2\repository\net\java\dev\jna\jna\5.12.1\jna-5.12.1.jar;C:\Users\bhara\.m2\repository\org\brotli\dec\0.1.2\dec-0.1.2.jar;C:\Users\bhara\.m2\repository\org\apache\commons\commons-lang3\3.12.0\commons-lang3-3.12.0.jar;C:\Users\bhara\.m2\repository\org\apache\httpcomponents\client5\httpclient5\5.2.1\httpclient5-5.2.1.jar;C:\Users\bhara\.m2\repository\org\apache\httpcomponents\core5\httpcore5\5.2\httpcore5-5.2.jar;C:\Users\bhara\.m2\repository\org\apache\httpcomponents\core5\httpcore5-h2\5.2\httpcore5-h2-5.2.jar;C:\Users\bhara\.m2\repository\io\cucumber\cucumber-java\7.11.1\cucumber-java-7.11.1.jar;C:\Users\bhara\.m2\repository\org\apiguardian\apiguardian-api\1.1.2\apiguardian-api-1.1.2.jar;C:\Users\bhara\.m2\repository\io\cucumber\cucumber-junit\7.11.1\cucumber-junit-7.11.1.jar;C:\Users\bhara\.m2\repository\io\cucumber\cucumber-core\7.11.1\cucumber-core-7.11.1.jar;C:\Users\bhara\.m2\repository\io\cucumber\cucumber-gherkin\7.11.1\cucumber-gherkin-7.11.1.jar;C:\Users\bhara\.m2\repository\io\cucumber\cucumber-gherkin-messages\7.11.1\cucumber-gherkin-messages-7.11.1.jar;C:\Users\bhara\.m2\repository\io\cucumber\gherkin\26.0.3\gherkin-26.0.3.jar;C:\Users\bhara\.m2\repository\io\cucumber\messages\21.0.1\messages-21.0.1.jar;C:\Users\bhara\.m2\repository\io\cucumber\tag-expressions\5.0.1\tag-expressions-5.0.1.jar;C:\Users\bhara\.m2\repository\io\cucumber\cucumber-expressions\16.1.2\cucumber-expressions-16.1.2.jar;C:\Users\bhara\.m2\repository\io\cucumber\datatable\7.11.1\datatable-7.11.1.jar;C:\Users\bhara\.m2\repository\io\cucumber\cucumber-plugin\7.11.1\cucumber-plugin-7.11.1.jar;C:\Users\bhara\.m2\repository\io\cucumber\docstring\7.11.1\docstring-7.11.1.jar;C:\Users\bhara\.m2\repository\io\cucumber\html-formatter\20.2.1\html-formatter-20.2.1.jar;C:\Users\bhara\.m2\repository\io\cucumber\junit-xml-formatter\0.1.0\junit-xml-formatter-0.1.0.jar;C:\Users\bhara\.m2\repository\io\cucumber\ci-environment\9.1.0\ci-environment-9.1.0.jar;C:\Users\bhara\.m2\repository\org\seleniumhq\selenium\selenium-java\4.7.2\selenium-java-4.7.2.jar;C:\Users\bhara\.m2\repository\org\seleniumhq\selenium\selenium-api\4.7.2\selenium-api-4.7.2.jar;C:\Users\bhara\.m2\repository\org\seleniumhq\selenium\selenium-chrome-driver\4.7.2\selenium-chrome-driver-4.7.2.jar;C:\Users\bhara\.m2\repository\com\google\auto\service\auto-service-annotations\1.0.1\auto-service-annotations-1.0.1.jar;C:\Users\bhara\.m2\repository\com\google\auto\service\auto-service\1.0.1\auto-service-1.0.1.jar;C:\Users\bhara\.m2\repository\com\google\auto\auto-common\1.2\auto-common-1.2.jar;C:\Users\bhara\.m2\repository\com\google\guava\guava\31.1-jre\guava-31.1-jre.jar;C:\Users\bhara\.m2\repository\com\google\guava\failureaccess\1.0.1\failureaccess-1.0.1.jar;C:\Users\bhara\.m2\repository\com\google\guava\listenablefuture\9999.0-empty-to-avoid-conflict-with-guava\listenablefuture-9999.0-empty-to-avoid-conflict-with-guava.jar;C:\Users\bhara\.m2\repository\com\google\code\findbugs\jsr305\3.0.2\jsr305-3.0.2.jar;C:\Users\bhara\.m2\repository\org\checkerframework\checker-qual\3.12.0\checker-qual-3.12.0.jar;C:\Users\bhara\.m2\repository\com\google\errorprone\error_prone_annotations\2.11.0\error_prone_annotations-2.11.0.jar;C:\Users\bhara\.m2\repository\com\google\j2objc\j2objc-annotations\1.3\j2objc-annotations-1.3.jar;C:\Users\bhara\.m2\repository\org\seleniumhq\selenium\selenium-chromium-driver\4.7.2\selenium-chromium-driver-4.7.2.jar;C:\Users\bhara\.m2\repository\org\seleniumhq\selenium\selenium-json\4.7.2\selenium-json-4.7.2.jar;C:\Users\bhara\.m2\repository\org\seleniumhq\selenium\selenium-devtools-v106\4.7.2\selenium-devtools-v106-4.7.2.jar;C:\Users\bhara\.m2\repository\org\seleniumhq\selenium\selenium-devtools-v107\4.7.2\selenium-devtools-v107-4.7.2.jar;C:\Users\bhara\.m2\repository\org\seleniumhq\selenium\selenium-devtools-v108\4.7.2\selenium-devtools-v108-4.7.2.jar;C:\Users\bhara\.m2\repository\org\seleniumhq\selenium\selenium-devtools-v85\4.7.2\selenium-devtools-v85-4.7.2.jar;C:\Users\bhara\.m2\repository\org\seleniumhq\selenium\selenium-edge-driver\4.7.2\selenium-edge-driver-4.7.2.jar;C:\Users\bhara\.m2\repository\org\seleniumhq\selenium\selenium-firefox-driver\4.7.2\selenium-firefox-driver-4.7.2.jar;C:\Users\bhara\.m2\repository\org\seleniumhq\selenium\selenium-http\4.7.2\selenium-http-4.7.2.jar;C:\Users\bhara\.m2\repository\dev\failsafe\failsafe\3.3.0\failsafe-3.3.0.jar;C:\Users\bhara\.m2\repository\org\seleniumhq\selenium\selenium-ie-driver\4.7.2\selenium-ie-driver-4.7.2.jar;C:\Users\bhara\.m2\repository\org\seleniumhq\selenium\selenium-remote-driver\4.7.2\selenium-remote-driver-4.7.2.jar;C:\Users\bhara\.m2\repository\com\beust\jcommander\1.82\jcommander-1.82.jar;C:\Users\bhara\.m2\repository\io\netty\netty-buffer\4.1.84.Final\netty-buffer-4.1.84.Final.jar;C:\Users\bhara\.m2\repository\io\netty\netty-codec-http\4.1.84.Final\netty-codec-http-4.1.84.Final.jar;C:\Users\bhara\.m2\repository\io\netty\netty-codec\4.1.84.Final\netty-codec-4.1.84.Final.jar;C:\Users\bhara\.m2\repository\io\netty\netty-handler\4.1.84.Final\netty-handler-4.1.84.Final.jar;C:\Users\bhara\.m2\repository\io\netty\netty-common\4.1.84.Final\netty-common-4.1.84.Final.jar;C:\Users\bhara\.m2\repository\io\netty\netty-transport-classes-epoll\4.1.84.Final\netty-transport-classes-epoll-4.1.84.Final.jar;C:\Users\bhara\.m2\repository\io\netty\netty-transport-classes-kqueue\4.1.84.Final\netty-transport-classes-kqueue-4.1.84.Final.jar;C:\Users\bhara\.m2\repository\io\netty\netty-transport-native-epoll\4.1.84.Final\netty-transport-native-epoll-4.1.84.Final.jar;C:\Users\bhara\.m2\repository\io\netty\netty-transport-native-kqueue\4.1.84.Final\netty-transport-native-kqueue-4.1.84.Final.jar;C:\Users\bhara\.m2\repository\io\netty\netty-transport-native-unix-common\4.1.84.Final\netty-transport-native-unix-common-4.1.84.Final.jar;C:\Users\bhara\.m2\repository\io\netty\netty-transport\4.1.84.Final\netty-transport-4.1.84.Final.jar;C:\Users\bhara\.m2\repository\io\netty\netty-resolver\4.1.84.Final\netty-resolver-4.1.84.Final.jar;C:\Users\bhara\.m2\repository\io\opentelemetry\opentelemetry-api\1.19.0\opentelemetry-api-1.19.0.jar;C:\Users\bhara\.m2\repository\io\opentelemetry\opentelemetry-context\1.19.0\opentelemetry-context-1.19.0.jar;C:\Users\bhara\.m2\repository\io\opentelemetry\opentelemetry-exporter-logging\1.19.0\opentelemetry-exporter-logging-1.19.0.jar;C:\Users\bhara\.m2\repository\io\opentelemetry\opentelemetry-sdk-metrics\1.19.0\opentelemetry-sdk-metrics-1.19.0.jar;C:\Users\bhara\.m2\repository\io\opentelemetry\opentelemetry-sdk-logs\1.19.0-alpha\opentelemetry-sdk-logs-1.19.0-alpha.jar;C:\Users\bhara\.m2\repository\io\opentelemetry\opentelemetry-api-logs\1.19.0-alpha\opentelemetry-api-logs-1.19.0-alpha.jar;C:\Users\bhara\.m2\repository\io\opentelemetry\opentelemetry-sdk-common\1.19.0\opentelemetry-sdk-common-1.19.0.jar;C:\Users\bhara\.m2\repository\io\opentelemetry\opentelemetry-sdk-extension-autoconfigure-spi\1.19.0\opentelemetry-sdk-extension-autoconfigure-spi-1.19.0.jar;C:\Users\bhara\.m2\repository\io\opentelemetry\opentelemetry-sdk-extension-autoconfigure\1.19.0-alpha\opentelemetry-sdk-extension-autoconfigure-1.19.0-alpha.jar;C:\Users\bhara\.m2\repository\io\opentelemetry\opentelemetry-exporter-common\1.19.0\opentelemetry-exporter-common-1.19.0.jar;C:\Users\bhara\.m2\repository\io\opentelemetry\opentelemetry-sdk-trace\1.19.0\opentelemetry-sdk-trace-1.19.0.jar;C:\Users\bhara\.m2\repository\io\opentelemetry\opentelemetry-sdk\1.19.0\opentelemetry-sdk-1.19.0.jar;C:\Users\bhara\.m2\repository\io\opentelemetry\opentelemetry-semconv\1.19.0-alpha\opentelemetry-semconv-1.19.0-alpha.jar;C:\Users\bhara\.m2\repository\io\ous\jtoml\2.0.0\jtoml-2.0.0.jar;C:\Users\bhara\.m2\repository\net\bytebuddy\byte-buddy\1.12.18\byte-buddy-1.12.18.jar;C:\Users\bhara\.m2\repository\org\apache\commons\commons-exec\1.3\commons-exec-1.3.jar;C:\Users\bhara\.m2\repository\org\asynchttpclient\async-http-client\2.12.3\async-http-client-2.12.3.jar;C:\Users\bhara\.m2\repository\org\asynchttpclient\async-http-client-netty-utils\2.12.3\async-http-client-netty-utils-2.12.3.jar;C:\Users\bhara\.m2\repository\io\netty\netty-codec-socks\4.1.60.Final\netty-codec-socks-4.1.60.Final.jar;C:\Users\bhara\.m2\repository\io\netty\netty-handler-proxy\4.1.60.Final\netty-handler-proxy-4.1.60.Final.jar;C:\Users\bhara\.m2\repository\io\netty\netty-transport-native-epoll\4.1.60.Final\netty-transport-native-epoll-4.1.60.Final-linux-x86_64.jar;C:\Users\bhara\.m2\repository\io\netty\netty-transport-native-kqueue\4.1.60.Final\netty-transport-native-kqueue-4.1.60.Final-osx-x86_64.jar;C:\Users\bhara\.m2\repository\org\reactivestreams\reactive-streams\1.0.3\reactive-streams-1.0.3.jar;C:\Users\bhara\.m2\repository\com\typesafe\netty\netty-reactive-streams\2.0.4\netty-reactive-streams-2.0.4.jar;C:\Users\bhara\.m2\repository\com\sun\activation\jakarta.activation\1.2.2\jakarta.activation-1.2.2.jar;C:\Users\bhara\.m2\repository\org\seleniumhq\selenium\selenium-manager\4.7.2\selenium-manager-4.7.2.jar;C:\Users\bhara\.m2\repository\org\seleniumhq\selenium\selenium-safari-driver\4.7.2\selenium-safari-driver-4.7.2.jar;C:\Users\bhara\.m2\repository\org\seleniumhq\selenium\selenium-support\4.7.2\selenium-support-4.7.2.jar;"/>
    <property name="java.vm.vendor" value="Oracle Corporation"/>
    <property name="sun.arch.data.model" value="64"/>
    <property name="user.variant" value=""/>
    <property name="java.vendor.url" value="https://java.oracle.com/"/>
    <property name="user.timezone" value="Europe/London"/>
    <property name="os.name" value="Windows 11"/>
    <property name="java.vm.specification.version" value="17"/>
    <property name="sun.java.launcher" value="SUN_STANDARD"/>
    <property name="user.country" value="GB"/>
    <property name="sun.boot.library.path" value="C:\Program Files\Java\jdk-17\bin"/>
    <property name="sun.java.command" value="C:\Users\bhara\AppData\Local\Temp\surefire5305406068476484675\surefirebooter5882098095468089947.jar C:\Users\bhara\AppData\Local\Temp\surefire5305406068476484675 2023-03-21T14-08-13_354-jvmRun1 surefire15937703565747423008tmp surefire_017743213016591714329tmp"/>
    <property name="jdk.debug" value="release"/>
    <property name="surefire.test.class.path" value="C:\Users\bhara\OneDrive\Desktop\eclipse\CucumberrFramework\target\test-classes;C:\Users\bhara\OneDrive\Desktop\eclipse\CucumberrFramework\target\classes;C:\Users\bhara\.m2\repository\junit\junit\4.11\junit-4.11.jar;C:\Users\bhara\.m2\repository\org\hamcrest\hamcrest-core\1.3\hamcrest-core-1.3.jar;C:\Users\bhara\.m2\repository\io\github\bonigarcia\webdrivermanager\5.3.2\webdrivermanager-5.3.2.jar;C:\Users\bhara\.m2\repository\org\slf4j\slf4j-api\2.0.6\slf4j-api-2.0.6.jar;C:\Users\bhara\.m2\repository\com\google\code\gson\gson\2.10.1\gson-2.10.1.jar;C:\Users\bhara\.m2\repository\com\github\docker-java\docker-java\3.2.14\docker-java-3.2.14.jar;C:\Users\bhara\.m2\repository\com\github\docker-java\docker-java-core\3.2.14\docker-java-core-3.2.14.jar;C:\Users\bhara\.m2\repository\com\github\docker-java\docker-java-api\3.2.14\docker-java-api-3.2.14.jar;C:\Users\bhara\.m2\repository\com\fasterxml\jackson\core\jackson-annotations\2.10.3\jackson-annotations-2.10.3.jar;C:\Users\bhara\.m2\repository\commons-io\commons-io\2.6\commons-io-2.6.jar;C:\Users\bhara\.m2\repository\org\apache\commons\commons-compress\1.21\commons-compress-1.21.jar;C:\Users\bhara\.m2\repository\com\fasterxml\jackson\core\jackson-databind\2.10.3\jackson-databind-2.10.3.jar;C:\Users\bhara\.m2\repository\com\fasterxml\jackson\core\jackson-core\2.10.3\jackson-core-2.10.3.jar;C:\Users\bhara\.m2\repository\org\bouncycastle\bcpkix-jdk15on\1.64\bcpkix-jdk15on-1.64.jar;C:\Users\bhara\.m2\repository\org\bouncycastle\bcprov-jdk15on\1.64\bcprov-jdk15on-1.64.jar;C:\Users\bhara\.m2\repository\org\slf4j\jcl-over-slf4j\1.7.30\jcl-over-slf4j-1.7.30.jar;C:\Users\bhara\.m2\repository\com\github\docker-java\docker-java-transport-httpclient5\3.2.14\docker-java-transport-httpclient5-3.2.14.jar;C:\Users\bhara\.m2\repository\com\github\docker-java\docker-java-transport\3.2.14\docker-java-transport-3.2.14.jar;C:\Users\bhara\.m2\repository\net\java\dev\jna\jna\5.12.1\jna-5.12.1.jar;C:\Users\bhara\.m2\repository\org\brotli\dec\0.1.2\dec-0.1.2.jar;C:\Users\bhara\.m2\repository\org\apache\commons\commons-lang3\3.12.0\commons-lang3-3.12.0.jar;C:\Users\bhara\.m2\repository\org\apache\httpcomponents\client5\httpclient5\5.2.1\httpclient5-5.2.1.jar;C:\Users\bhara\.m2\repository\org\apache\httpcomponents\core5\httpcore5\5.2\httpcore5-5.2.jar;C:\Users\bhara\.m2\repository\org\apache\httpcomponents\core5\httpcore5-h2\5.2\httpcore5-h2-5.2.jar;C:\Users\bhara\.m2\repository\io\cucumber\cucumber-java\7.11.1\cucumber-java-7.11.1.jar;C:\Users\bhara\.m2\repository\org\apiguardian\apiguardian-api\1.1.2\apiguardian-api-1.1.2.jar;C:\Users\bhara\.m2\repository\io\cucumber\cucumber-junit\7.11.1\cucumber-junit-7.11.1.jar;C:\Users\bhara\.m2\repository\io\cucumber\cucumber-core\7.11.1\cucumber-core-7.11.1.jar;C:\Users\bhara\.m2\repository\io\cucumber\cucumber-gherkin\7.11.1\cucumber-gherkin-7.11.1.jar;C:\Users\bhara\.m2\repository\io\cucumber\cucumber-gherkin-messages\7.11.1\cucumber-gherkin-messages-7.11.1.jar;C:\Users\bhara\.m2\repository\io\cucumber\gherkin\26.0.3\gherkin-26.0.3.jar;C:\Users\bhara\.m2\repository\io\cucumber\messages\21.0.1\messages-21.0.1.jar;C:\Users\bhara\.m2\repository\io\cucumber\tag-expressions\5.0.1\tag-expressions-5.0.1.jar;C:\Users\bhara\.m2\repository\io\cucumber\cucumber-expressions\16.1.2\cucumber-expressions-16.1.2.jar;C:\Users\bhara\.m2\repository\io\cucumber\datatable\7.11.1\datatable-7.11.1.jar;C:\Users\bhara\.m2\repository\io\cucumber\cucumber-plugin\7.11.1\cucumber-plugin-7.11.1.jar;C:\Users\bhara\.m2\repository\io\cucumber\docstring\7.11.1\docstring-7.11.1.jar;C:\Users\bhara\.m2\repository\io\cucumber\html-formatter\20.2.1\html-formatter-20.2.1.jar;C:\Users\bhara\.m2\repository\io\cucumber\junit-xml-formatter\0.1.0\junit-xml-formatter-0.1.0.jar;C:\Users\bhara\.m2\repository\io\cucumber\ci-environment\9.1.0\ci-environment-9.1.0.jar;C:\Users\bhara\.m2\repository\org\seleniumhq\selenium\selenium-java\4.7.2\selenium-java-4.7.2.jar;C:\Users\bhara\.m2\repository\org\seleniumhq\selenium\selenium-api\4.7.2\selenium-api-4.7.2.jar;C:\Users\bhara\.m2\repository\org\seleniumhq\selenium\selenium-chrome-driver\4.7.2\selenium-chrome-driver-4.7.2.jar;C:\Users\bhara\.m2\repository\com\google\auto\service\auto-service-annotations\1.0.1\auto-service-annotations-1.0.1.jar;C:\Users\bhara\.m2\repository\com\google\auto\service\auto-service\1.0.1\auto-service-1.0.1.jar;C:\Users\bhara\.m2\repository\com\google\auto\auto-common\1.2\auto-common-1.2.jar;C:\Users\bhara\.m2\repository\com\google\guava\guava\31.1-jre\guava-31.1-jre.jar;C:\Users\bhara\.m2\repository\com\google\guava\failureaccess\1.0.1\failureaccess-1.0.1.jar;C:\Users\bhara\.m2\repository\com\google\guava\listenablefuture\9999.0-empty-to-avoid-conflict-with-guava\listenablefuture-9999.0-empty-to-avoid-conflict-with-guava.jar;C:\Users\bhara\.m2\repository\com\google\code\findbugs\jsr305\3.0.2\jsr305-3.0.2.jar;C:\Users\bhara\.m2\repository\org\checkerframework\checker-qual\3.12.0\checker-qual-3.12.0.jar;C:\Users\bhara\.m2\repository\com\google\errorprone\error_prone_annotations\2.11.0\error_prone_annotations-2.11.0.jar;C:\Users\bhara\.m2\repository\com\google\j2objc\j2objc-annotations\1.3\j2objc-annotations-1.3.jar;C:\Users\bhara\.m2\repository\org\seleniumhq\selenium\selenium-chromium-driver\4.7.2\selenium-chromium-driver-4.7.2.jar;C:\Users\bhara\.m2\repository\org\seleniumhq\selenium\selenium-json\4.7.2\selenium-json-4.7.2.jar;C:\Users\bhara\.m2\repository\org\seleniumhq\selenium\selenium-devtools-v106\4.7.2\selenium-devtools-v106-4.7.2.jar;C:\Users\bhara\.m2\repository\org\seleniumhq\selenium\selenium-devtools-v107\4.7.2\selenium-devtools-v107-4.7.2.jar;C:\Users\bhara\.m2\repository\org\seleniumhq\selenium\selenium-devtools-v108\4.7.2\selenium-devtools-v108-4.7.2.jar;C:\Users\bhara\.m2\repository\org\seleniumhq\selenium\selenium-devtools-v85\4.7.2\selenium-devtools-v85-4.7.2.jar;C:\Users\bhara\.m2\repository\org\seleniumhq\selenium\selenium-edge-driver\4.7.2\selenium-edge-driver-4.7.2.jar;C:\Users\bhara\.m2\repository\org\seleniumhq\selenium\selenium-firefox-driver\4.7.2\selenium-firefox-driver-4.7.2.jar;C:\Users\bhara\.m2\repository\org\seleniumhq\selenium\selenium-http\4.7.2\selenium-http-4.7.2.jar;C:\Users\bhara\.m2\repository\dev\failsafe\failsafe\3.3.0\failsafe-3.3.0.jar;C:\Users\bhara\.m2\repository\org\seleniumhq\selenium\selenium-ie-driver\4.7.2\selenium-ie-driver-4.7.2.jar;C:\Users\bhara\.m2\repository\org\seleniumhq\selenium\selenium-remote-driver\4.7.2\selenium-remote-driver-4.7.2.jar;C:\Users\bhara\.m2\repository\com\beust\jcommander\1.82\jcommander-1.82.jar;C:\Users\bhara\.m2\repository\io\netty\netty-buffer\4.1.84.Final\netty-buffer-4.1.84.Final.jar;C:\Users\bhara\.m2\repository\io\netty\netty-codec-http\4.1.84.Final\netty-codec-http-4.1.84.Final.jar;C:\Users\bhara\.m2\repository\io\netty\netty-codec\4.1.84.Final\netty-codec-4.1.84.Final.jar;C:\Users\bhara\.m2\repository\io\netty\netty-handler\4.1.84.Final\netty-handler-4.1.84.Final.jar;C:\Users\bhara\.m2\repository\io\netty\netty-common\4.1.84.Final\netty-common-4.1.84.Final.jar;C:\Users\bhara\.m2\repository\io\netty\netty-transport-classes-epoll\4.1.84.Final\netty-transport-classes-epoll-4.1.84.Final.jar;C:\Users\bhara\.m2\repository\io\netty\netty-transport-classes-kqueue\4.1.84.Final\netty-transport-classes-kqueue-4.1.84.Final.jar;C:\Users\bhara\.m2\repository\io\netty\netty-transport-native-epoll\4.1.84.Final\netty-transport-native-epoll-4.1.84.Final.jar;C:\Users\bhara\.m2\repository\io\netty\netty-transport-native-kqueue\4.1.84.Final\netty-transport-native-kqueue-4.1.84.Final.jar;C:\Users\bhara\.m2\repository\io\netty\netty-transport-native-unix-common\4.1.84.Final\netty-transport-native-unix-common-4.1.84.Final.jar;C:\Users\bhara\.m2\repository\io\netty\netty-transport\4.1.84.Final\netty-transport-4.1.84.Final.jar;C:\Users\bhara\.m2\repository\io\netty\netty-resolver\4.1.84.Final\netty-resolver-4.1.84.Final.jar;C:\Users\bhara\.m2\repository\io\opentelemetry\opentelemetry-api\1.19.0\opentelemetry-api-1.19.0.jar;C:\Users\bhara\.m2\repository\io\opentelemetry\opentelemetry-context\1.19.0\opentelemetry-context-1.19.0.jar;C:\Users\bhara\.m2\repository\io\opentelemetry\opentelemetry-exporter-logging\1.19.0\opentelemetry-exporter-logging-1.19.0.jar;C:\Users\bhara\.m2\repository\io\opentelemetry\opentelemetry-sdk-metrics\1.19.0\opentelemetry-sdk-metrics-1.19.0.jar;C:\Users\bhara\.m2\repository\io\opentelemetry\opentelemetry-sdk-logs\1.19.0-alpha\opentelemetry-sdk-logs-1.19.0-alpha.jar;C:\Users\bhara\.m2\repository\io\opentelemetry\opentelemetry-api-logs\1.19.0-alpha\opentelemetry-api-logs-1.19.0-alpha.jar;C:\Users\bhara\.m2\repository\io\opentelemetry\opentelemetry-sdk-common\1.19.0\opentelemetry-sdk-common-1.19.0.jar;C:\Users\bhara\.m2\repository\io\opentelemetry\opentelemetry-sdk-extension-autoconfigure-spi\1.19.0\opentelemetry-sdk-extension-autoconfigure-spi-1.19.0.jar;C:\Users\bhara\.m2\repository\io\opentelemetry\opentelemetry-sdk-extension-autoconfigure\1.19.0-alpha\opentelemetry-sdk-extension-autoconfigure-1.19.0-alpha.jar;C:\Users\bhara\.m2\repository\io\opentelemetry\opentelemetry-exporter-common\1.19.0\opentelemetry-exporter-common-1.19.0.jar;C:\Users\bhara\.m2\repository\io\opentelemetry\opentelemetry-sdk-trace\1.19.0\opentelemetry-sdk-trace-1.19.0.jar;C:\Users\bhara\.m2\repository\io\opentelemetry\opentelemetry-sdk\1.19.0\opentelemetry-sdk-1.19.0.jar;C:\Users\bhara\.m2\repository\io\opentelemetry\opentelemetry-semconv\1.19.0-alpha\opentelemetry-semconv-1.19.0-alpha.jar;C:\Users\bhara\.m2\repository\io\ous\jtoml\2.0.0\jtoml-2.0.0.jar;C:\Users\bhara\.m2\repository\net\bytebuddy\byte-buddy\1.12.18\byte-buddy-1.12.18.jar;C:\Users\bhara\.m2\repository\org\apache\commons\commons-exec\1.3\commons-exec-1.3.jar;C:\Users\bhara\.m2\repository\org\asynchttpclient\async-http-client\2.12.3\async-http-client-2.12.3.jar;C:\Users\bhara\.m2\repository\org\asynchttpclient\async-http-client-netty-utils\2.12.3\async-http-client-netty-utils-2.12.3.jar;C:\Users\bhara\.m2\repository\io\netty\netty-codec-socks\4.1.60.Final\netty-codec-socks-4.1.60.Final.jar;C:\Users\bhara\.m2\repository\io\netty\netty-handler-proxy\4.1.60.Final\netty-handler-proxy-4.1.60.Final.jar;C:\Users\bhara\.m2\repository\io\netty\netty-transport-native-epoll\4.1.60.Final\netty-transport-native-epoll-4.1.60.Final-linux-x86_64.jar;C:\Users\bhara\.m2\repository\io\netty\netty-transport-native-kqueue\4.1.60.Final\netty-transport-native-kqueue-4.1.60.Final-osx-x86_64.jar;C:\Users\bhara\.m2\repository\org\reactivestreams\reactive-streams\1.0.3\reactive-streams-1.0.3.jar;C:\Users\bhara\.m2\repository\com\typesafe\netty\netty-reactive-streams\2.0.4\netty-reactive-streams-2.0.4.jar;C:\Users\bhara\.m2\repository\com\sun\activation\jakarta.activation\1.2.2\jakarta.activation-1.2.2.jar;C:\Users\bhara\.m2\repository\org\seleniumhq\selenium\selenium-manager\4.7.2\selenium-manager-4.7.2.jar;C:\Users\bhara\.m2\repository\org\seleniumhq\selenium\selenium-safari-driver\4.7.2\selenium-safari-driver-4.7.2.jar;C:\Users\bhara\.m2\repository\org\seleniumhq\selenium\selenium-support\4.7.2\selenium-support-4.7.2.jar;"/>
    <property name="sun.cpu.endian" value="little"/>
    <property name="user.home" value="C:\Users\bhara"/>
    <property name="user.language" value="en"/>
    <property name="java.specification.vendor" value="Oracle Corporation"/>
    <property name="java.version.date" value="2023-01-17"/>
    <property name="java.home" value="C:\Program Files\Java\jdk-17"/>
    <property name="file.separator" value="\"/>
    <property name="basedir" value="C:\Users\bhara\OneDrive\Desktop\eclipse\CucumberrFramework"/>
    <property name="java.vm.compressedOopsMode" value="Zero based"/>
    <property name="line.separator" value="&#10;"/>
    <property name="java.vm.specification.vendor" value="Oracle Corporation"/>
    <property name="java.specification.name" value="Java Platform API Specification"/>
    <property name="surefire.real.class.path" value="C:\Users\bhara\AppData\Local\Temp\surefire5305406068476484675\surefirebooter5882098095468089947.jar"/>
    <property name="user.script" value=""/>
    <property name="sun.management.compiler" value="HotSpot 64-Bit Tiered Compilers"/>
    <property name="java.runtime.version" value="17.0.6+9-LTS-190"/>
    <property name="user.name" value="bhara"/>
    <property name="path.separator" value=";"/>
    <property name="os.version" value="10.0"/>
    <property name="java.runtime.name" value="Java(TM) SE Runtime Environment"/>
    <property name="file.encoding" value="Cp1252"/>
    <property name="java.vm.name" value="Java HotSpot(TM) 64-Bit Server VM"/>
    <property name="localRepository" value="C:\Users\bhara\.m2\repository"/>
    <property name="java.vendor.url.bug" value="https://bugreport.java.com/bugreport/"/>
    <property name="java.io.tmpdir" value="C:\Users\bhara\AppData\Local\Temp\"/>
    <property name="java.version" value="17.0.6"/>
    <property name="user.dir" value="C:\Users\bhara\OneDrive\Desktop\eclipse\CucumberrFramework"/>
    <property name="os.arch" value="amd64"/>
    <property name="java.vm.specification.name" value="Java Virtual Machine Specification"/>
    <property name="sun.os.patch.level" value=""/>
    <property name="native.encoding" value="Cp1252"/>
    <property name="java.library.path" value="C:\Program Files\Java\jdk-17\bin;C:\Windows\Sun\Java\bin;C:\Windows\system32;C:\Windows;C:\Program Files\Common Files\Oracle\Java\javapath;C:\Program Files (x86)\Common Files\Oracle\Java\javapath;C:\Windows\system32;C:\Windows;C:\Windows\System32\Wbem;C:\Windows\System32\WindowsPowerShell\v1.0\;C:\Windows\System32\OpenSSH\;C:\Program Files\MySQL\MySQL Server 8.0\bin;C:\Program Files\eclipse\apache-maven-3.9.0\bin;C:\Program Files\Java\jdk-17\bin;C:\Program Files (x86)\nodejs\;C:\Program Files\Git\cmd;C:\Program Files\MySQL\MySQL Shell 8.0\bin\;C:\Users\bhara\AppData\Roaming\npm;."/>
    <property name="java.vm.info" value="mixed mode, sharing"/>
    <property name="java.vendor" value="Oracle Corporation"/>
    <property name="java.vm.version" value="17.0.6+9-LTS-190"/>
    <property name="sun.io.unicode.encoding" value="UnicodeLittle"/>
    <property name="java.class.version" value="61.0"/>
  </properties>
  <testcase name="Login with valid credentials #1" classname="Login functionality" time="9.814"/>
  <testcase name="Login with valid credentials #2" classname="Login functionality" time="10.617"/>
  <testcase name="Login with valid credentials #3" classname="Login functionality" time="7.889"/>
  <testcase name="Login with Invalid credentials" classname="Login functionality" time="10.201"/>
  <testcase name="Login with valid email and invalid password" classname="Login functionality" time="6.565"/>
  <testcase name="Login with invalid email and valid password" classname="Login functionality" time="5.101"/>
  <testcase name="Login without providing any credentials" classname="Login functionality" time="12.808"/>
  <testcase name="User creates an account only with mandatory fields" classname="Registration functionality" time="15.5"/>
  <testcase name="User creates account with all fields" classname="Registration functionality" time="14.777"/>
  <testcase name="User creates Duplicate account" classname="Registration functionality" time="5.22"/>
  <testcase name="User creates an account without filling any details" classname="Registration functionality" time="4.791"/>
  <testcase name="User searches for the valid product" classname="Search functionality" time="4.725">
    <failure type="java.lang.AssertionError">java.lang.AssertionError
</failure>
    <system-out><![CDATA[
Scenario: User searches for the valid product               &amp#27;[90m# src/test/resources/features/Search.feature:3&amp#27;[0m
  &amp#27;[32mGiven &amp#27;[0m&amp#27;[32mUser opens the Application&amp#27;[0m                          &amp#27;[90m# stepdefinitions.Search.user_opens_the_application()&amp#27;[0m
  &amp#27;[32mWhen &amp#27;[0m&amp#27;[32mUser enters valid product &amp#27;[0m&amp#27;[32m&amp#27;[1m"HP"&amp#27;[0m&amp#27;[32m into Search box field&amp#27;[0m &amp#27;[90m# stepdefinitions.Search.user_enters_valid_product_into_search_box_field(java.lang.String)&amp#27;[0m
  &amp#27;[32mAnd &amp#27;[0m&amp#27;[32mUser clicks on search button&amp#27;[0m                          &amp#27;[90m# stepdefinitions.Search.user_clicks_on_search_button()&amp#27;[0m
  &amp#27;[31mThen &amp#27;[0m&amp#27;[31mUser should get valid product in the search results&amp#27;[0m  &amp#27;[90m# stepdefinitions.Search.user_should_get_valid_product_in_the_search_results()&amp#27;[0m
      &amp#27;[31mjava.lang.AssertionError
	at org.junit.Assert.fail(Assert.java:86)
	at org.junit.Assert.fail(Assert.java:95)
	at stepdefinitions.Search.user_should_get_valid_product_in_the_search_results(Search.java:44)
	at âœ½.User should get valid product in the search results(file:///C:/Users/bhara/OneDrive/Desktop/eclipse/CucumberrFramework/src/test/resources/features/Search.feature:7)
&amp#27;[0m

    Embedding User_searches_for_the_valid_product [image/png 118429 bytes]

]]></system-out>
    <system-err><![CDATA[Starting Microsoft Edge WebDriver 111.0.1661.44 (fc2a57ec5a410298200db8ad3013657d5472c408) on port 44276
To submit feedback, report a bug, or suggest new features, please visit https://github.com/MicrosoftEdge/EdgeWebDriver

Only local connections are allowed.
Please see https://aka.ms/WebDriverSecurity for suggestions on keeping Microsoft Edge WebDriver safe.

Microsoft Edge WebDriver was started successfully.
Mar 21, 2023 2:09:59 PM org.openqa.selenium.devtools.CdpVersionFinder findNearestMatch
WARNING: Unable to find an exact match for CDP version 111, so returning the closest version found: 108
]]></system-err>
  </testcase>
  <testcase name="User searches for invalid product" classname="Search functionality" time="4.236"/>
  <testcase name="User searches without any product" classname="Search functionality" time="8.973"/>
</testsuite>